<?xml version="1.0" encoding="UTF-8"?>
<!-- Generated by org.testng.reporters.JUnitReportReporter -->
<testsuite hostname="DESKTOP-8K42TF8" failures="0" tests="4" name="api.test.UserTest" time="14.459" errors="0" timestamp="28 Jul 2024 07:21:19 GMT" skipped="0">
  <testcase classname="api.test.UserTest" name="testPostUer" time="7.597"/>
  <testcase classname="api.test.UserTest" name="testGetUserByName" time="1.824"/>
  <testcase classname="api.test.UserTest" name="testUpdateUserByName" time="3.379"/>
  <testcase classname="api.test.UserTest" name="testDeleteUser" time="1.659"/>
</testsuite> <!-- api.test.UserTest -->
