<?xml version="1.0" encoding="UTF-8"?>
<!-- Generated by org.testng.reporters.JUnitReportReporter -->
<testsuite hostname="DESKTOP-8K42TF8" failures="0" tests="6" name="api.test.DataDrivenTest" time="16.790" errors="0" timestamp="28 Jul 2024 06:39:29 GMT" skipped="0">
  <testcase classname="api.test.DataDrivenTest" name="testPostUer" time="1.701"/>
  <testcase classname="api.test.DataDrivenTest" name="testPostUer" time="1.744"/>
  <testcase classname="api.test.DataDrivenTest" name="testPostUer" time="7.745"/>
  <testcase classname="api.test.DataDrivenTest" name="testDeleteUserByName" time="2.094"/>
  <testcase classname="api.test.DataDrivenTest" name="testDeleteUserByName" time="1.710"/>
  <testcase classname="api.test.DataDrivenTest" name="testDeleteUserByName" time="1.796"/>
</testsuite> <!-- api.test.DataDrivenTest -->
